0x0D3C Engine ************************* EDGE DEBUGGER STARTING UP *************************
0x0D3C Engine ENGINE BUILD DATE: Dec  4 2009 TIME: 15:38:21
01/10/11 20:58:55:692| 0x0D3C        
0x0D3C Engine EDGE PID = 2304 (0x900)
0x0D3C Engine Enabling WIN32 Low Fragmentation Heap succeeded
0x0D3C Engine EDGE_BIN      = C:\MentorGraphics\BridgePoint\eclipse_extensions\EDGE\eclipse\plugins\com.mentor.nucleus.debug.win32.x86_2.4.0.200912041520\os\win32\x86\
0x0D3C Engine EDGE_ETC      = C:\MentorGraphics\BridgePoint\eclipse_extensions\EDGE\eclipse\plugins\com.mentor.nucleus.debug_2.4.0.200912041520\data\
0x0D3C Engine EDGE_WORKING  = C:\levi\programming\BridgePoint\BridgePointWorkspace\.metadata\.plugins\com.mentor.nucleus.debug\log\
0x0D3C Engine EDGE_LOG      = C:\levi\programming\BridgePoint\BridgePointWorkspace\.metadata\.plugins\com.mentor.nucleus.debug\log\
0x0D3C Engine EDGE_TEMP     = C:\levi\programming\BridgePoint\BridgePointWorkspace\.metadata\.plugins\com.mentor.nucleus.debug\temp\
0x0D3C        Xerces XML parser library initialization
0x0D3C Engine Loading debug_config.xml file: 'C:\MentorGraphics\BridgePoint\eclipse_extensions\EDGE\eclipse\plugins\com.mentor.nucleus.debug_2.4.0.200912041520\data\debug_config.xml'
0x0D3C Engine WARNING: XML warning: "debug_config.xml: in method 'PNE_PARALLEL' 'file' definition missing required attribute 'name'
"
0x0D3C Engine WARNING: XML warning: "debug_config.xml: in method 'PNE_PARALLEL' 'file' definition missing required attribute 'location'
"
0x0D3C Engine WARNING: XML warning: "debug_config.xml: in method 'PNE_USB_MULTILINK' 'file' definition missing required attribute 'name'
"
0x0D3C Engine WARNING: XML warning: "debug_config.xml: in method 'PNE_USB_MULTILINK' 'file' definition missing required attribute 'location'
"
0x0D3C Engine WARNING: XML warning: "debug_config.xml: in method 'PNE_CYCLONE_USB' 'file' definition missing required attribute 'name'
"
0x0D3C Engine WARNING: XML warning: "debug_config.xml: in method 'PNE_CYCLONE_USB' 'file' definition missing required attribute 'location'
"
0x0D3C Engine WARNING: XML warning: "debug_config.xml: in method 'PNE_CYCLONE_SERIAL' 'file' definition missing required attribute 'name'
"
0x0D3C Engine WARNING: XML warning: "debug_config.xml: in method 'PNE_CYCLONE_SERIAL' 'file' definition missing required attribute 'location'
"
0x0D3C Engine WARNING: XML warning: "debug_config.xml: in method 'PNE_CYCLONE_ETHERNET' 'file' definition missing required attribute 'name'
"
0x0D3C Engine WARNING: XML warning: "debug_config.xml: in method 'PNE_CYCLONE_ETHERNET' 'file' definition missing required attribute 'location'
"
0x0D3C Engine WARNING: XML warning: "debug_config.xml: in method 'RDI_MULTIICE' 'file' definition missing required attribute 'name'
"
0x0D3C Engine WARNING: XML warning: "debug_config.xml: in method 'RDI_MULTIICE' 'file' definition missing required attribute 'location'
"
0x0D3C Engine WARNING: XML warning: "debug_config.xml: in method 'RDI_REMOTEA' 'file' definition missing required attribute 'name'
"
0x0D3C Engine WARNING: XML warning: "debug_config.xml: in method 'RDI_REMOTEA' 'file' definition missing required attribute 'location'
"
0x0D3C Engine WARNING: XML warning: "debug_config.xml: in method 'RDI_MAJIC' 'file' definition missing required attribute 'name'
"
0x0D3C Engine WARNING: XML warning: "debug_config.xml: in method 'RDI_MAJIC' 'file' definition missing required attribute 'location'
"
0x0D3C Engine WARNING: XML warning: "debug_config.xml: in method 'RDI_ALTERA_BYTEBLASTER' 'file' definition missing required attribute 'name'
"
0x0D3C Engine WARNING: XML warning: "debug_config.xml: in method 'RDI_ALTERA_BYTEBLASTER' 'file' definition missing required attribute 'location'
"
0x0D3C Engine WARNING: XML warning: "debug_config.xml: in method 'WIN32' 'file' definition missing required attribute 'name'
"
0x0D3C Engine WARNING: XML warning: "debug_config.xml: in method 'WIN32' 'file' definition missing required attribute 'location'
"
0x0D3C Engine ERROR: directory "c:\mgc\embedded\tools" does not exist!
0x0D3C Engine FYI: _LOG_FLUSH_ON_WRITE_=true
0x0D3C Engine FYI: _LOG_DBGERROR_TO_GUI_=false
0x0D3C Engine FYI: _LOG_STATE_CHANGES_=false
0x0D3C Engine Loading Symbol path file 'C:\levi\programming\BridgePoint\BridgePointWorkspace\.metadata\.plugins\com.mentor.nucleus.debug\log\SymbolPaths.ini'
0x0D3C Engine Loading string substiution ini file 'C:\levi\programming\BridgePoint\BridgePointWorkspace\.metadata\.plugins\com.mentor.nucleus.debug\log\StringSubstitutions.ini'
0x02F4        Expression evaluation service thread starting up
0x1774 Engine CDebugEngine::WorkerThreadEntry worker thread 0 starting...
0x0D3C Decoder Manager Cataloging decoders/symbol factories
0x1114 Engine          CDebugEngine::WorkerThreadEntry worker thread 1 starting...
0x155C Engine          CDebugEngine::NotifyThreadEntry worker thread starting...
0x0D3C Decoder Manager 	found decoder 'DecoderElf' in dll 'C:\MentorGraphics\BridgePoint\eclipse_extensions\EDGE\eclipse\plugins\com.mentor.nucleus.debug.win32.x86_2.4.0.200912041520\os\win32\x86\decoders\DecoderElf.dll'
0x0D3C Decoder Manager 	found decoder 'DecoderElfArm' in dll 'C:\MentorGraphics\BridgePoint\eclipse_extensions\EDGE\eclipse\plugins\com.mentor.nucleus.debug.win32.x86_2.4.0.200912041520\os\win32\x86\decoders\DecoderElfArm.dll'
0x0D3C Decoder Manager 	found decoder 'DecoderElfFlexASIC' in dll 'C:\MentorGraphics\BridgePoint\eclipse_extensions\EDGE\eclipse\plugins\com.mentor.nucleus.debug.win32.x86_2.4.0.200912041520\os\win32\x86\decoders\DecoderElfFlexASIC.dll'
0x0D3C Decoder Manager 	found decoder 'DecoderElfMips' in dll 'C:\MentorGraphics\BridgePoint\eclipse_extensions\EDGE\eclipse\plugins\com.mentor.nucleus.debug.win32.x86_2.4.0.200912041520\os\win32\x86\decoders\DecoderElfMips.dll'
0x0D3C Decoder Manager 	found decoder 'DecoderElfNiosII' in dll 'C:\MentorGraphics\BridgePoint\eclipse_extensions\EDGE\eclipse\plugins\com.mentor.nucleus.debug.win32.x86_2.4.0.200912041520\os\win32\x86\decoders\DecoderElfNiosII.dll'
0x0D3C Decoder Manager 	found decoder 'DecoderElfPpc' in dll 'C:\MentorGraphics\BridgePoint\eclipse_extensions\EDGE\eclipse\plugins\com.mentor.nucleus.debug.win32.x86_2.4.0.200912041520\os\win32\x86\decoders\DecoderElfPPC.dll'
0x0D3C Decoder Manager 	found decoder 'DecoderIEEE' in dll 'C:\MentorGraphics\BridgePoint\eclipse_extensions\EDGE\eclipse\plugins\com.mentor.nucleus.debug.win32.x86_2.4.0.200912041520\os\win32\x86\decoders\DecoderIEEE.dll'
0x0D3C Decoder Manager 	found decoder 'DecoderMSx86' in dll 'C:\MentorGraphics\BridgePoint\eclipse_extensions\EDGE\eclipse\plugins\com.mentor.nucleus.debug.win32.x86_2.4.0.200912041520\os\win32\x86\decoders\DecoderMSx86.dll'
0x0D3C Channels        ChannelManger: loaded config file "C:\MentorGraphics\BridgePoint\eclipse_extensions\EDGE\eclipse\plugins\com.mentor.nucleus.debug_2.4.0.200912041520\data\channels.ini"
0x1434 Channels        Channel Manager Dispatch Thread starting up
0x0D3C Engine          FYI: current dir 'C:\MentorGraphics\BridgePoint\eclipse_extensions\EDGE\eclipse\plugins\com.mentor.nucleus.debug.win32.x86_2.4.0.200912041520\os\win32\x86'
0x0C88                 Timer manager starting up
0x0D3C Engine          EDGEINIT: tried 'c:\edgeinit.inc', it doesn't exist
0x0D3C Engine          EDGEINIT: tried 'C:\levi\programming\BridgePoint\BridgePointWorkspace\.metadata\.plugins\com.mentor.nucleus.debug\log\\edgeinit.inc', it doesn't exist
0x0D3C Engine          EDGEINIT: tried 'C:\MentorGraphics\BridgePoint\eclipse_extensions\EDGE\eclipse\plugins\com.mentor.nucleus.debug_2.4.0.200912041520\data\\edgeinit.inc', it doesn't exist
0x0D3C Engine          EDGEINIT: tried 'C:\MentorGraphics\BridgePoint\eclipse_extensions\EDGE\eclipse\plugins\com.mentor.nucleus.debug.win32.x86_2.4.0.200912041520\os\win32\x86\\edgeinit.inc', it doesn't exist
0x0D3C Engine          EDGEINIT: no edgeinit.inc file exists.
0x0D3C Engine          Adding target directory 'C:\MentorGraphics\BridgePoint\eclipse_extensions\EDGE\eclipse\plugins\com.mentor.nucleus.target.windows_2.4.0.200912041520\boards\targets' tsp='C:\MentorGraphics\BridgePoint\eclipse_extensions\EDGE\eclipse\plugins\com.mentor.nucleus.target.windows_2.4.0.200912041520\boards'
0x0D3C Engine          FYI: _LOG_FLUSH_ON_WRITE_=true
0x0D3C                 testing dll "C:\MentorGraphics\BridgePoint\eclipse_extensions\EDGE\eclipse\plugins\com.mentor.nucleus.debug.win32.x86_2.4.0.200912041520\os\win32\x86\cmdline\cliedge.dll" to see if it contains implementation ""
0x0D3C CLI             	Loaded command line plugin 'C:\MentorGraphics\BridgePoint\eclipse_extensions\EDGE\eclipse\plugins\com.mentor.nucleus.debug.win32.x86_2.4.0.200912041520\os\win32\x86\cmdline\cliedge\cliBdiCommands.dll'
0x0D3C CLI             	Loaded command line plugin 'C:\MentorGraphics\BridgePoint\eclipse_extensions\EDGE\eclipse\plugins\com.mentor.nucleus.debug.win32.x86_2.4.0.200912041520\os\win32\x86\cmdline\cliedge\cliGdbCommands.dll'
0x0D3C CLI             	Loaded command line plugin 'C:\MentorGraphics\BridgePoint\eclipse_extensions\EDGE\eclipse\plugins\com.mentor.nucleus.debug.win32.x86_2.4.0.200912041520\os\win32\x86\cmdline\cliedge\cliMdiCommands.dll'
0x0D3C CLI             	Loaded command line plugin 'C:\MentorGraphics\BridgePoint\eclipse_extensions\EDGE\eclipse\plugins\com.mentor.nucleus.debug.win32.x86_2.4.0.200912041520\os\win32\x86\cmdline\cliedge\cliplugin_coredump.dll'
0x0D3C CLI             	Loaded command line plugin 'C:\MentorGraphics\BridgePoint\eclipse_extensions\EDGE\eclipse\plugins\com.mentor.nucleus.debug.win32.x86_2.4.0.200912041520\os\win32\x86\cmdline\cliedge\cliplugin_edge_internal.dll'
0x0D3C CLI             	Loaded command line plugin 'C:\MentorGraphics\BridgePoint\eclipse_extensions\EDGE\eclipse\plugins\com.mentor.nucleus.debug.win32.x86_2.4.0.200912041520\os\win32\x86\cmdline\cliedge\cliplugin_ets_client.dll'
0x0D3C CLI             	Loaded command line plugin 'C:\MentorGraphics\BridgePoint\eclipse_extensions\EDGE\eclipse\plugins\com.mentor.nucleus.debug.win32.x86_2.4.0.200912041520\os\win32\x86\cmdline\cliedge\cliplugin_loadsrec.dll'
0x0D3C                 Seamless command plugin: CVE_HOME env var is not defined.  Command will not be registered.
0x0D3C CLI             	WARNING: Command line plugin 'C:\MentorGraphics\BridgePoint\eclipse_extensions\EDGE\eclipse\plugins\com.mentor.nucleus.debug.win32.x86_2.4.0.200912041520\os\win32\x86\cmdline\cliedge\cliplugin_seamless_cve.dll' registration routine 'CreateCommands' returned false.  Unloading it.
0x0D3C CLI             	Loaded command line plugin 'C:\MentorGraphics\BridgePoint\eclipse_extensions\EDGE\eclipse\plugins\com.mentor.nucleus.debug.win32.x86_2.4.0.200912041520\os\win32\x86\cmdline\cliedge\cliplugin_target_utils.dll'
0x0D3C CLI             	Loaded command line plugin 'C:\MentorGraphics\BridgePoint\eclipse_extensions\EDGE\eclipse\plugins\com.mentor.nucleus.debug.win32.x86_2.4.0.200912041520\os\win32\x86\cmdline\cliedge\cliplugin_vector_catch.dll'
0x0D3C CLI             	Loaded command line plugin 'C:\MentorGraphics\BridgePoint\eclipse_extensions\EDGE\eclipse\plugins\com.mentor.nucleus.debug.win32.x86_2.4.0.200912041520\os\win32\x86\cmdline\cliedge\cliRdiCommands.dll'
0x0D3C CLI             	Loaded command line plugin 'C:\MentorGraphics\BridgePoint\eclipse_extensions\EDGE\eclipse\plugins\com.mentor.nucleus.debug.win32.x86_2.4.0.200912041520\os\win32\x86\cmdline\cliedge\cliXdmCommands.dll'
0x0D3C                 Creating command line from dll "C:\MentorGraphics\BridgePoint\eclipse_extensions\EDGE\eclipse\plugins\com.mentor.nucleus.debug.win32.x86_2.4.0.200912041520\os\win32\x86\cmdline\cliedge.dll"
0x0D44 Engine          ENGINE: shut down starting...
0x0D44 Engine          ENGINE: closing open connections
0x0D44                 *********************** Removing 0x35c1f728 ref count now 0x0 
0x0D44                 *********************** Removing 0x37f22410 ref count now 0x0 
0x0D44 Engine          ENGINE: releasing any cached symbols.
0x0D44 Engine          ENGINE: releasing cached connection related objects.
0x0D44 Engine          ENGINE: starting engine internal shut down.
0x155C Engine          CDebugEngine::Run  worker thread exiting...
0x1774 Engine          CDebugEngine::WorkerThreadEntry worker thread 0 exiting...
0x1114 Engine          CDebugEngine::WorkerThreadEntry worker thread 1 exiting...
0x02F4                 Expression evaluation service thread exiting
0x0D44 Socket-Channel  Socket Proxy Channel Manager starting shutdown of server on port 0
0x0D44                 *********************** Removing 0x37ef2394 ref count now 0x0 
0x1434 Channels        Channel Manager Dispatch Thread exiting0x0D44 Socket-Channel  Socket Proxy Channel Manager starting shutdown of server on port 0
0x0D44                 *********************** Removing 0x37ebb588 ref count now 0x0 
0x0C88                 Timer manager exiting
0x0D44 Engine          All Threads should have exited.  Dumping list of running threads.
0x0D44 Engine          ENGINE: unloading core plugins.
0x0D44 Engine          ENGINE: unloading flash programmer plugins.
0x0D44 Engine          ENGINE: unloading transport plugins.
0x0D44 Engine          ENGINE: unloading chained transport/ka plugins.
0x0D44 Engine          ENGINE: unloading USER chained transport/ka plugins.
0x0D44 Engine          ENGINE: unloading XML engine.
0x0D44                 Xerces library cleanup starting...
0x0D44                 Xerces library cleanup complete.
0x0D44 Engine          ENGINE: shut down complete.
0x0D44 Engine           ********************** ENGINE DELETED ***************************
